time=2024-08-12T21:52:37.190+05:00 level=INFO msg="Register handler is invoked"
time=2024-08-12T21:52:37.293+05:00 level=INFO msg="Register handler is completed successfully"
time=2024-08-12T21:54:19.097+05:00 level=INFO msg="Login handler is invoked"
time=2024-08-12T21:54:19.190+05:00 level=INFO msg="Login handler is completed successfully"
time=2024-08-12T22:30:16.778+05:00 level=INFO msg="Login handler is invoked"
time=2024-08-12T22:30:16.867+05:00 level=INFO msg="Login handler is completed successfully"
time=2024-08-12T22:53:38.814+05:00 level=INFO msg="Login handler is invoked"
time=2024-08-12T22:53:38.892+05:00 level=INFO msg="Login handler is completed successfully"
time=2024-08-12T23:34:30.053+05:00 level=INFO msg="Login handler is invoked"
time=2024-08-12T23:34:30.136+05:00 level=INFO msg="Login handler is completed successfully"
time=2024-08-13T00:35:53.947+05:00 level=INFO msg="Login handler is invoked"
time=2024-08-13T00:35:54.034+05:00 level=INFO msg="Login handler is completed successfully"
time=2024-08-13T09:49:05.600+05:00 level=INFO msg="Register handler is invoked"
time=2024-08-13T09:49:05.690+05:00 level=INFO msg="Register handler is completed successfully"
time=2024-08-13T09:49:52.707+05:00 level=INFO msg="Login handler is invoked"
time=2024-08-13T09:49:52.798+05:00 level=INFO msg="Login handler is completed successfully"
time=2024-08-13T10:54:09.902+05:00 level=INFO msg="Login handler is invoked"
time=2024-08-13T10:54:09.987+05:00 level=INFO msg="Login handler is completed successfully"
time=2024-08-13T11:17:08.770+05:00 level=INFO msg="Register handler is invoked"
time=2024-08-13T11:17:08.869+05:00 level=INFO msg="Register handler is completed successfully"
time=2024-08-13T12:30:49.631+05:00 level=INFO msg="Login handler is invoked"
time=2024-08-13T12:30:49.731+05:00 level=INFO msg="Login handler is completed successfully"
time=2024-08-13T13:18:02.499+05:00 level=INFO msg="Login handler is invoked"
time=2024-08-13T13:18:02.584+05:00 level=INFO msg="Login handler is completed successfully"
time=2024-08-13T13:52:03.695+05:00 level=ERROR msg="Error retrieving id information: user not found"
time=2024-08-13T13:55:41.416+05:00 level=INFO msg="Login handler is invoked"
time=2024-08-13T13:55:41.504+05:00 level=INFO msg="Login handler is completed successfully"
time=2024-08-13T14:35:15.235+05:00 level=INFO msg="Login handler is invoked"
time=2024-08-13T14:35:15.320+05:00 level=INFO msg="Login handler is completed successfully"
time=2024-08-13T15:30:08.684+05:00 level=INFO msg="Login handler is invoked"
time=2024-08-13T15:30:08.773+05:00 level=INFO msg="Login handler is completed successfully"
time=2024-08-13T21:26:04.110+05:00 level=INFO msg="Login handler is invoked"
time=2024-08-13T21:26:04.206+05:00 level=INFO msg="Login handler is completed successfully"
time=2024-08-13T21:44:05.838+05:00 level=INFO msg="Login handler is invoked"
time=2024-08-13T21:44:05.927+05:00 level=INFO msg="Login handler is completed successfully"
time=2024-08-13T22:11:40.050+05:00 level=INFO msg="Login handler is invoked"
time=2024-08-13T22:11:40.139+05:00 level=INFO msg="Login handler is completed successfully"
time=2024-08-14T07:12:56.258+05:00 level=INFO msg="Login handler is invoked"
time=2024-08-14T07:12:56.344+05:00 level=INFO msg="Login handler is completed successfully"
time=2024-08-14T08:14:10.107+05:00 level=INFO msg="Login handler is invoked"
time=2024-08-14T08:14:10.209+05:00 level=INFO msg="Login handler is completed successfully"
time=2024-08-14T10:45:15.296+05:00 level=INFO msg="Login handler is invoked"
time=2024-08-14T10:45:15.393+05:00 level=INFO msg="Login handler is completed successfully"
time=2024-08-14T11:19:55.340+05:00 level=INFO msg="Login handler is invoked"
time=2024-08-14T11:19:55.423+05:00 level=INFO msg="Login handler is completed successfully"
time=2024-08-14T13:02:13.589+05:00 level=INFO msg="Login handler is invoked"
time=2024-08-14T13:02:13.708+05:00 level=INFO msg="Login handler is completed successfully"
time=2024-08-14T13:52:56.285+05:00 level=INFO msg="Login handler is invoked"
time=2024-08-14T13:52:56.385+05:00 level=INFO msg="Login handler is completed successfully"
time=2024-08-14T13:57:28.965+05:00 level=INFO msg="Login handler is invoked"
time=2024-08-14T13:57:29.040+05:00 level=INFO msg="Login handler is completed successfully"
time=2024-08-14T14:59:34.508+05:00 level=INFO msg="Login handler is invoked"
time=2024-08-14T14:59:34.590+05:00 level=INFO msg="Login handler is completed successfully"
